[0.439s] DEBUG:colcon:Command line arguments: ['/usr/local/bin/colcon', 'build', '--packages-select', 'go2_lidar_planner']
[0.439s] DEBUG:colcon:Parsed command line arguments: Namespace(ament_cmake_args=None, base_paths=['.'], build_base='build', catkin_cmake_args=None, catkin_skip_building_tests=False, cmake_args=None, cmake_clean_cache=False, cmake_clean_first=False, cmake_force_configure=False, cmake_target=None, cmake_target_skip_unavailable=False, continue_on_error=False, event_handlers=None, executor='parallel', ignore_user_meta=False, install_base='install', log_base=None, log_level=None, main=<bound method BuildVerb.main of <colcon_core.verb.build.BuildVerb object at 0xffffa222fc10>>, merge_install=False, metas=['./colcon.meta'], packages_above=None, packages_above_and_dependencies=None, packages_above_depth=None, packages_end=None, packages_ignore=None, packages_ignore_regex=None, packages_select=['go2_lidar_planner'], packages_select_build_failed=False, packages_select_by_dep=None, packages_select_regex=None, packages_select_test_failures=False, packages_skip=None, packages_skip_build_finished=False, packages_skip_by_dep=None, packages_skip_regex=None, packages_skip_test_passed=False, packages_skip_up_to=None, packages_start=None, packages_up_to=None, packages_up_to_regex=None, parallel_workers=6, paths=None, symlink_install=False, test_result_base=None, verb_extension=<colcon_core.verb.build.BuildVerb object at 0xffffa222fc10>, verb_name='build', verb_parser=<colcon_defaults.argument_parser.defaults.DefaultArgumentsDecorator object at 0xffffa219e250>)
[0.670s] Level 1:colcon.colcon_core.package_discovery:discover_packages(colcon_meta) check parameters
[0.671s] Level 1:colcon.colcon_core.package_discovery:discover_packages(recursive) check parameters
[0.671s] Level 1:colcon.colcon_core.package_discovery:discover_packages(ignore) check parameters
[0.671s] Level 1:colcon.colcon_core.package_discovery:discover_packages(path) check parameters
[0.671s] Level 1:colcon.colcon_core.package_discovery:discover_packages(colcon_meta) discover
[0.671s] Level 1:colcon.colcon_core.package_discovery:discover_packages(recursive) discover
[0.671s] INFO:colcon.colcon_core.package_discovery:Crawling recursively for packages in '/root/CWNU_Unitree_Go2/go2_lidar_planner'
[0.671s] Level 1:colcon.colcon_core.package_identification:_identify(.) by extensions ['ignore', 'ignore_ament_install']
[0.672s] Level 1:colcon.colcon_core.package_identification:_identify(.) by extension 'ignore'
[0.672s] Level 1:colcon.colcon_core.package_identification:_identify(.) by extension 'ignore_ament_install'
[0.672s] Level 1:colcon.colcon_core.package_identification:_identify(.) by extensions ['colcon_pkg']
[0.672s] Level 1:colcon.colcon_core.package_identification:_identify(.) by extension 'colcon_pkg'
[0.672s] Level 1:colcon.colcon_core.package_identification:_identify(.) by extensions ['colcon_meta']
[0.672s] Level 1:colcon.colcon_core.package_identification:_identify(.) by extension 'colcon_meta'
[0.672s] Level 1:colcon.colcon_core.package_identification:_identify(.) by extensions ['ros']
[0.672s] Level 1:colcon.colcon_core.package_identification:_identify(.) by extension 'ros'
[0.726s] Level 1:colcon.colcon_core.package_identification:_identify(.) by extensions ['cmake', 'python']
[0.726s] Level 1:colcon.colcon_core.package_identification:_identify(.) by extension 'cmake'
[0.726s] Level 1:colcon.colcon_core.package_identification:_identify(.) by extension 'python'
[0.727s] Level 1:colcon.colcon_core.package_identification:_identify(.) by extensions ['python_setup_py']
[0.727s] Level 1:colcon.colcon_core.package_identification:_identify(.) by extension 'python_setup_py'
[0.727s] Level 1:colcon.colcon_core.package_identification:_identify(build) by extensions ['ignore', 'ignore_ament_install']
[0.727s] Level 1:colcon.colcon_core.package_identification:_identify(build) by extension 'ignore'
[0.727s] Level 1:colcon.colcon_core.package_identification:_identify(build) ignored
[0.728s] Level 1:colcon.colcon_core.package_identification:_identify(install) by extensions ['ignore', 'ignore_ament_install']
[0.728s] Level 1:colcon.colcon_core.package_identification:_identify(install) by extension 'ignore'
[0.728s] Level 1:colcon.colcon_core.package_identification:_identify(install) ignored
[0.728s] Level 1:colcon.colcon_core.package_identification:_identify(log) by extensions ['ignore', 'ignore_ament_install']
[0.729s] Level 1:colcon.colcon_core.package_identification:_identify(log) by extension 'ignore'
[0.729s] Level 1:colcon.colcon_core.package_identification:_identify(log) ignored
[0.729s] Level 1:colcon.colcon_core.package_identification:_identify(src) by extensions ['ignore', 'ignore_ament_install']
[0.729s] Level 1:colcon.colcon_core.package_identification:_identify(src) by extension 'ignore'
[0.729s] Level 1:colcon.colcon_core.package_identification:_identify(src) by extension 'ignore_ament_install'
[0.729s] Level 1:colcon.colcon_core.package_identification:_identify(src) by extensions ['colcon_pkg']
[0.729s] Level 1:colcon.colcon_core.package_identification:_identify(src) by extension 'colcon_pkg'
[0.730s] Level 1:colcon.colcon_core.package_identification:_identify(src) by extensions ['colcon_meta']
[0.730s] Level 1:colcon.colcon_core.package_identification:_identify(src) by extension 'colcon_meta'
[0.730s] Level 1:colcon.colcon_core.package_identification:_identify(src) by extensions ['ros']
[0.730s] Level 1:colcon.colcon_core.package_identification:_identify(src) by extension 'ros'
[0.736s] DEBUG:colcon.colcon_core.package_identification:Package 'src' with type 'ros.ament_python' and name 'go2_lidar_planner'
[0.737s] Level 1:colcon.colcon_core.package_discovery:discover_packages(recursive) using defaults
[0.737s] Level 1:colcon.colcon_core.package_discovery:discover_packages(ignore) discover
[0.737s] Level 1:colcon.colcon_core.package_discovery:discover_packages(ignore) using defaults
[0.737s] Level 1:colcon.colcon_core.package_discovery:discover_packages(path) discover
[0.737s] Level 1:colcon.colcon_core.package_discovery:discover_packages(path) using defaults
[0.778s] Level 5:colcon.colcon_core.verb:set package 'go2_lidar_planner' build argument 'cmake_args' from command line to 'None'
[0.778s] Level 5:colcon.colcon_core.verb:set package 'go2_lidar_planner' build argument 'cmake_target' from command line to 'None'
[0.778s] Level 5:colcon.colcon_core.verb:set package 'go2_lidar_planner' build argument 'cmake_target_skip_unavailable' from command line to 'False'
[0.778s] Level 5:colcon.colcon_core.verb:set package 'go2_lidar_planner' build argument 'cmake_clean_cache' from command line to 'False'
[0.778s] Level 5:colcon.colcon_core.verb:set package 'go2_lidar_planner' build argument 'cmake_clean_first' from command line to 'False'
[0.778s] Level 5:colcon.colcon_core.verb:set package 'go2_lidar_planner' build argument 'cmake_force_configure' from command line to 'False'
[0.778s] Level 5:colcon.colcon_core.verb:set package 'go2_lidar_planner' build argument 'ament_cmake_args' from command line to 'None'
[0.779s] Level 5:colcon.colcon_core.verb:set package 'go2_lidar_planner' build argument 'catkin_cmake_args' from command line to 'None'
[0.779s] Level 5:colcon.colcon_core.verb:set package 'go2_lidar_planner' build argument 'catkin_skip_building_tests' from command line to 'False'
[0.779s] DEBUG:colcon.colcon_core.verb:Building package 'go2_lidar_planner' with the following arguments: {'ament_cmake_args': None, 'build_base': '/root/CWNU_Unitree_Go2/go2_lidar_planner/build/go2_lidar_planner', 'catkin_cmake_args': None, 'catkin_skip_building_tests': False, 'cmake_args': None, 'cmake_clean_cache': False, 'cmake_clean_first': False, 'cmake_force_configure': False, 'cmake_target': None, 'cmake_target_skip_unavailable': False, 'install_base': '/root/CWNU_Unitree_Go2/go2_lidar_planner/install/go2_lidar_planner', 'merge_install': False, 'path': '/root/CWNU_Unitree_Go2/go2_lidar_planner/src', 'symlink_install': False, 'test_result_base': None}
[0.779s] INFO:colcon.colcon_core.executor:Executing jobs using 'parallel' executor
[0.781s] DEBUG:colcon.colcon_parallel_executor.executor.parallel:run_until_complete
[0.782s] INFO:colcon.colcon_ros.task.ament_python.build:Building ROS package in '/root/CWNU_Unitree_Go2/go2_lidar_planner/src' with build type 'ament_python'
[0.782s] Level 1:colcon.colcon_core.shell:create_environment_hook('go2_lidar_planner', 'ament_prefix_path')
[0.790s] INFO:colcon.colcon_core.plugin_system:Skipping extension 'colcon_core.shell.bat': Not used on non-Windows systems
[0.790s] INFO:colcon.colcon_core.shell:Creating environment hook '/root/CWNU_Unitree_Go2/go2_lidar_planner/install/go2_lidar_planner/share/go2_lidar_planner/hook/ament_prefix_path.ps1'
[0.793s] INFO:colcon.colcon_core.shell:Creating environment descriptor '/root/CWNU_Unitree_Go2/go2_lidar_planner/install/go2_lidar_planner/share/go2_lidar_planner/hook/ament_prefix_path.dsv'
[0.794s] INFO:colcon.colcon_core.shell:Creating environment hook '/root/CWNU_Unitree_Go2/go2_lidar_planner/install/go2_lidar_planner/share/go2_lidar_planner/hook/ament_prefix_path.sh'
[0.796s] INFO:colcon.colcon_core.shell:Skip shell extension 'powershell' for command environment: Not usable outside of PowerShell
[0.796s] DEBUG:colcon.colcon_core.shell:Skip shell extension 'dsv' for command environment
[1.248s] INFO:colcon.colcon_core.task.python.build:Building Python package in '/root/CWNU_Unitree_Go2/go2_lidar_planner/src'
[1.249s] INFO:colcon.colcon_core.shell:Skip shell extension 'powershell' for command environment: Not usable outside of PowerShell
[1.249s] DEBUG:colcon.colcon_core.shell:Skip shell extension 'dsv' for command environment
[1.984s] DEBUG:colcon.colcon_core.event_handler.log_command:Invoking command in '/root/CWNU_Unitree_Go2/go2_lidar_planner/build/go2_lidar_planner': PYTHONPATH=/root/CWNU_Unitree_Go2/go2_lidar_planner/build/go2_lidar_planner/prefix_override:/usr/local/lib/python3.8/dist-packages/colcon_core/task/python/colcon_distutils_commands:/root/CWNU_Unitree_Go2/go2_lidar_planner/install/go2_lidar_planner/lib/python3.8/site-packages:${PYTHONPATH} /usr/bin/python3 -W ignore:setup.py install is deprecated -W ignore:easy_install command is deprecated setup.py develop --uninstall --editable --build-directory /root/CWNU_Unitree_Go2/go2_lidar_planner/build/go2_lidar_planner/build
[2.609s] DEBUG:colcon.colcon_core.event_handler.log_command:Invoked command in '/root/CWNU_Unitree_Go2/go2_lidar_planner/build/go2_lidar_planner' returned '0': PYTHONPATH=/root/CWNU_Unitree_Go2/go2_lidar_planner/build/go2_lidar_planner/prefix_override:/usr/local/lib/python3.8/dist-packages/colcon_core/task/python/colcon_distutils_commands:/root/CWNU_Unitree_Go2/go2_lidar_planner/install/go2_lidar_planner/lib/python3.8/site-packages:${PYTHONPATH} /usr/bin/python3 -W ignore:setup.py install is deprecated -W ignore:easy_install command is deprecated setup.py develop --uninstall --editable --build-directory /root/CWNU_Unitree_Go2/go2_lidar_planner/build/go2_lidar_planner/build
[2.617s] DEBUG:colcon.colcon_core.event_handler.log_command:Invoking command in '/root/CWNU_Unitree_Go2/go2_lidar_planner/src': PYTHONPATH=/root/CWNU_Unitree_Go2/go2_lidar_planner/build/go2_lidar_planner/prefix_override:/usr/local/lib/python3.8/dist-packages/colcon_core/task/python/colcon_distutils_commands:/root/CWNU_Unitree_Go2/go2_lidar_planner/install/go2_lidar_planner/lib/python3.8/site-packages:${PYTHONPATH} /usr/bin/python3 -W ignore:setup.py install is deprecated -W ignore:easy_install command is deprecated setup.py egg_info --egg-base ../build/go2_lidar_planner build --build-base /root/CWNU_Unitree_Go2/go2_lidar_planner/build/go2_lidar_planner/build install --record /root/CWNU_Unitree_Go2/go2_lidar_planner/build/go2_lidar_planner/install.log --single-version-externally-managed install_data --force
[3.179s] DEBUG:colcon.colcon_core.event_handler.log_command:Invoked command in '/root/CWNU_Unitree_Go2/go2_lidar_planner/src' returned '0': PYTHONPATH=/root/CWNU_Unitree_Go2/go2_lidar_planner/build/go2_lidar_planner/prefix_override:/usr/local/lib/python3.8/dist-packages/colcon_core/task/python/colcon_distutils_commands:/root/CWNU_Unitree_Go2/go2_lidar_planner/install/go2_lidar_planner/lib/python3.8/site-packages:${PYTHONPATH} /usr/bin/python3 -W ignore:setup.py install is deprecated -W ignore:easy_install command is deprecated setup.py egg_info --egg-base ../build/go2_lidar_planner build --build-base /root/CWNU_Unitree_Go2/go2_lidar_planner/build/go2_lidar_planner/build install --record /root/CWNU_Unitree_Go2/go2_lidar_planner/build/go2_lidar_planner/install.log --single-version-externally-managed install_data --force
[3.189s] Level 1:colcon.colcon_core.environment:checking '/root/CWNU_Unitree_Go2/go2_lidar_planner/install/go2_lidar_planner' for CMake module files
[3.191s] Level 1:colcon.colcon_core.environment:checking '/root/CWNU_Unitree_Go2/go2_lidar_planner/install/go2_lidar_planner' for CMake config files
[3.194s] Level 1:colcon.colcon_core.environment:checking '/root/CWNU_Unitree_Go2/go2_lidar_planner/install/go2_lidar_planner/lib'
[3.195s] Level 1:colcon.colcon_core.environment:checking '/root/CWNU_Unitree_Go2/go2_lidar_planner/install/go2_lidar_planner/bin'
[3.195s] Level 1:colcon.colcon_core.environment:checking '/root/CWNU_Unitree_Go2/go2_lidar_planner/install/go2_lidar_planner/lib/pkgconfig/go2_lidar_planner.pc'
[3.196s] Level 1:colcon.colcon_core.environment:checking '/root/CWNU_Unitree_Go2/go2_lidar_planner/install/go2_lidar_planner/lib/python3.8/site-packages'
[3.196s] Level 1:colcon.colcon_core.shell:create_environment_hook('go2_lidar_planner', 'pythonpath')
[3.197s] INFO:colcon.colcon_core.shell:Creating environment hook '/root/CWNU_Unitree_Go2/go2_lidar_planner/install/go2_lidar_planner/share/go2_lidar_planner/hook/pythonpath.ps1'
[3.199s] INFO:colcon.colcon_core.shell:Creating environment descriptor '/root/CWNU_Unitree_Go2/go2_lidar_planner/install/go2_lidar_planner/share/go2_lidar_planner/hook/pythonpath.dsv'
[3.201s] INFO:colcon.colcon_core.shell:Creating environment hook '/root/CWNU_Unitree_Go2/go2_lidar_planner/install/go2_lidar_planner/share/go2_lidar_planner/hook/pythonpath.sh'
[3.203s] Level 1:colcon.colcon_core.environment:checking '/root/CWNU_Unitree_Go2/go2_lidar_planner/install/go2_lidar_planner/bin'
[3.203s] Level 1:colcon.colcon_core.environment:create_environment_scripts_only(go2_lidar_planner)
[3.204s] INFO:colcon.colcon_core.shell:Creating package script '/root/CWNU_Unitree_Go2/go2_lidar_planner/install/go2_lidar_planner/share/go2_lidar_planner/package.ps1'
[3.207s] INFO:colcon.colcon_core.shell:Creating package descriptor '/root/CWNU_Unitree_Go2/go2_lidar_planner/install/go2_lidar_planner/share/go2_lidar_planner/package.dsv'
[3.209s] INFO:colcon.colcon_core.shell:Creating package script '/root/CWNU_Unitree_Go2/go2_lidar_planner/install/go2_lidar_planner/share/go2_lidar_planner/package.sh'
[3.212s] INFO:colcon.colcon_core.shell:Creating package script '/root/CWNU_Unitree_Go2/go2_lidar_planner/install/go2_lidar_planner/share/go2_lidar_planner/package.bash'
[3.213s] INFO:colcon.colcon_core.shell:Creating package script '/root/CWNU_Unitree_Go2/go2_lidar_planner/install/go2_lidar_planner/share/go2_lidar_planner/package.zsh'
[3.215s] Level 1:colcon.colcon_core.environment:create_file_with_runtime_dependencies(/root/CWNU_Unitree_Go2/go2_lidar_planner/install/go2_lidar_planner/share/colcon-core/packages/go2_lidar_planner)
[3.216s] DEBUG:colcon.colcon_parallel_executor.executor.parallel:closing loop
[3.217s] DEBUG:colcon.colcon_parallel_executor.executor.parallel:loop closed
[3.218s] DEBUG:colcon.colcon_parallel_executor.executor.parallel:run_until_complete finished with '0'
[3.218s] DEBUG:colcon.colcon_core.event_reactor:joining thread
[3.245s] INFO:colcon.colcon_core.plugin_system:Skipping extension 'colcon_notification.desktop_notification.notify_send': Could not find 'notify-send'
[3.245s] INFO:colcon.colcon_core.plugin_system:Skipping extension 'colcon_notification.desktop_notification.terminal_notifier': Not used on non-Darwin systems
[3.245s] INFO:colcon.colcon_core.plugin_system:Skipping extension 'colcon_notification.desktop_notification.win32': Not used on non-Windows systems
[3.245s] INFO:colcon.colcon_notification.desktop_notification:Sending desktop notification using 'notify2'
[3.245s] DEBUG:colcon.colcon_notification.desktop_notification.notify2:Failed to initialize notify2: org.freedesktop.DBus.Error.NotSupported: Unable to autolaunch a dbus-daemon without a $DISPLAY for X11
[3.246s] DEBUG:colcon.colcon_core.event_reactor:joined thread
[3.247s] INFO:colcon.colcon_core.shell:Creating prefix script '/root/CWNU_Unitree_Go2/go2_lidar_planner/install/local_setup.ps1'
[3.250s] INFO:colcon.colcon_core.shell:Creating prefix util module '/root/CWNU_Unitree_Go2/go2_lidar_planner/install/_local_setup_util_ps1.py'
[3.254s] INFO:colcon.colcon_core.shell:Creating prefix chain script '/root/CWNU_Unitree_Go2/go2_lidar_planner/install/setup.ps1'
[3.258s] INFO:colcon.colcon_core.shell:Creating prefix script '/root/CWNU_Unitree_Go2/go2_lidar_planner/install/local_setup.sh'
[3.260s] INFO:colcon.colcon_core.shell:Creating prefix util module '/root/CWNU_Unitree_Go2/go2_lidar_planner/install/_local_setup_util_sh.py'
[3.262s] INFO:colcon.colcon_core.shell:Creating prefix chain script '/root/CWNU_Unitree_Go2/go2_lidar_planner/install/setup.sh'
[3.266s] INFO:colcon.colcon_core.shell:Creating prefix script '/root/CWNU_Unitree_Go2/go2_lidar_planner/install/local_setup.bash'
[3.267s] INFO:colcon.colcon_core.shell:Creating prefix chain script '/root/CWNU_Unitree_Go2/go2_lidar_planner/install/setup.bash'
[3.270s] INFO:colcon.colcon_core.shell:Creating prefix script '/root/CWNU_Unitree_Go2/go2_lidar_planner/install/local_setup.zsh'
[3.271s] INFO:colcon.colcon_core.shell:Creating prefix chain script '/root/CWNU_Unitree_Go2/go2_lidar_planner/install/setup.zsh'
