[0.369s] DEBUG:colcon:Command line arguments: ['/usr/local/bin/colcon', 'build', '--symlink-install', '--packages-select', 'go2_lidar_planner']
[0.369s] DEBUG:colcon:Parsed command line arguments: Namespace(ament_cmake_args=None, base_paths=['.'], build_base='build', catkin_cmake_args=None, catkin_skip_building_tests=False, cmake_args=None, cmake_clean_cache=False, cmake_clean_first=False, cmake_force_configure=False, cmake_target=None, cmake_target_skip_unavailable=False, continue_on_error=False, event_handlers=None, executor='parallel', ignore_user_meta=False, install_base='install', log_base=None, log_level=None, main=<bound method BuildVerb.main of <colcon_core.verb.build.BuildVerb object at 0xffff98e1ea00>>, merge_install=False, metas=['./colcon.meta'], packages_above=None, packages_above_and_dependencies=None, packages_above_depth=None, packages_end=None, packages_ignore=None, packages_ignore_regex=None, packages_select=['go2_lidar_planner'], packages_select_build_failed=False, packages_select_by_dep=None, packages_select_regex=None, packages_select_test_failures=False, packages_skip=None, packages_skip_build_finished=False, packages_skip_by_dep=None, packages_skip_regex=None, packages_skip_test_passed=False, packages_skip_up_to=None, packages_start=None, packages_up_to=None, packages_up_to_regex=None, parallel_workers=6, paths=None, symlink_install=True, test_result_base=None, verb_extension=<colcon_core.verb.build.BuildVerb object at 0xffff98e1ea00>, verb_name='build', verb_parser=<colcon_defaults.argument_parser.defaults.DefaultArgumentsDecorator object at 0xffff98d09040>)
[0.581s] Level 1:colcon.colcon_core.package_discovery:discover_packages(colcon_meta) check parameters
[0.582s] Level 1:colcon.colcon_core.package_discovery:discover_packages(recursive) check parameters
[0.582s] Level 1:colcon.colcon_core.package_discovery:discover_packages(ignore) check parameters
[0.582s] Level 1:colcon.colcon_core.package_discovery:discover_packages(path) check parameters
[0.582s] Level 1:colcon.colcon_core.package_discovery:discover_packages(colcon_meta) discover
[0.582s] Level 1:colcon.colcon_core.package_discovery:discover_packages(recursive) discover
[0.582s] INFO:colcon.colcon_core.package_discovery:Crawling recursively for packages in '/root/CWNU_Unitree_Go2/go2_lidar_planner'
[0.582s] Level 1:colcon.colcon_core.package_identification:_identify(.) by extensions ['ignore', 'ignore_ament_install']
[0.583s] Level 1:colcon.colcon_core.package_identification:_identify(.) by extension 'ignore'
[0.583s] Level 1:colcon.colcon_core.package_identification:_identify(.) by extension 'ignore_ament_install'
[0.583s] Level 1:colcon.colcon_core.package_identification:_identify(.) by extensions ['colcon_pkg']
[0.583s] Level 1:colcon.colcon_core.package_identification:_identify(.) by extension 'colcon_pkg'
[0.583s] Level 1:colcon.colcon_core.package_identification:_identify(.) by extensions ['colcon_meta']
[0.583s] Level 1:colcon.colcon_core.package_identification:_identify(.) by extension 'colcon_meta'
[0.583s] Level 1:colcon.colcon_core.package_identification:_identify(.) by extensions ['ros']
[0.583s] Level 1:colcon.colcon_core.package_identification:_identify(.) by extension 'ros'
[0.631s] Level 1:colcon.colcon_core.package_identification:_identify(.) by extensions ['cmake', 'python']
[0.631s] Level 1:colcon.colcon_core.package_identification:_identify(.) by extension 'cmake'
[0.631s] Level 1:colcon.colcon_core.package_identification:_identify(.) by extension 'python'
[0.631s] Level 1:colcon.colcon_core.package_identification:_identify(.) by extensions ['python_setup_py']
[0.631s] Level 1:colcon.colcon_core.package_identification:_identify(.) by extension 'python_setup_py'
[0.632s] Level 1:colcon.colcon_core.package_identification:_identify(build) by extensions ['ignore', 'ignore_ament_install']
[0.632s] Level 1:colcon.colcon_core.package_identification:_identify(build) by extension 'ignore'
[0.632s] Level 1:colcon.colcon_core.package_identification:_identify(build) ignored
[0.632s] Level 1:colcon.colcon_core.package_identification:_identify(install) by extensions ['ignore', 'ignore_ament_install']
[0.632s] Level 1:colcon.colcon_core.package_identification:_identify(install) by extension 'ignore'
[0.633s] Level 1:colcon.colcon_core.package_identification:_identify(install) ignored
[0.633s] Level 1:colcon.colcon_core.package_identification:_identify(log) by extensions ['ignore', 'ignore_ament_install']
[0.633s] Level 1:colcon.colcon_core.package_identification:_identify(log) by extension 'ignore'
[0.633s] Level 1:colcon.colcon_core.package_identification:_identify(log) ignored
[0.633s] Level 1:colcon.colcon_core.package_identification:_identify(src) by extensions ['ignore', 'ignore_ament_install']
[0.633s] Level 1:colcon.colcon_core.package_identification:_identify(src) by extension 'ignore'
[0.634s] Level 1:colcon.colcon_core.package_identification:_identify(src) by extension 'ignore_ament_install'
[0.634s] Level 1:colcon.colcon_core.package_identification:_identify(src) by extensions ['colcon_pkg']
[0.634s] Level 1:colcon.colcon_core.package_identification:_identify(src) by extension 'colcon_pkg'
[0.634s] Level 1:colcon.colcon_core.package_identification:_identify(src) by extensions ['colcon_meta']
[0.634s] Level 1:colcon.colcon_core.package_identification:_identify(src) by extension 'colcon_meta'
[0.634s] Level 1:colcon.colcon_core.package_identification:_identify(src) by extensions ['ros']
[0.634s] Level 1:colcon.colcon_core.package_identification:_identify(src) by extension 'ros'
[0.639s] DEBUG:colcon.colcon_core.package_identification:Package 'src' with type 'ros.ament_python' and name 'go2_lidar_planner'
[0.640s] Level 1:colcon.colcon_core.package_discovery:discover_packages(recursive) using defaults
[0.640s] Level 1:colcon.colcon_core.package_discovery:discover_packages(ignore) discover
[0.640s] Level 1:colcon.colcon_core.package_discovery:discover_packages(ignore) using defaults
[0.640s] Level 1:colcon.colcon_core.package_discovery:discover_packages(path) discover
[0.640s] Level 1:colcon.colcon_core.package_discovery:discover_packages(path) using defaults
[0.676s] Level 5:colcon.colcon_core.verb:set package 'go2_lidar_planner' build argument 'cmake_args' from command line to 'None'
[0.676s] Level 5:colcon.colcon_core.verb:set package 'go2_lidar_planner' build argument 'cmake_target' from command line to 'None'
[0.676s] Level 5:colcon.colcon_core.verb:set package 'go2_lidar_planner' build argument 'cmake_target_skip_unavailable' from command line to 'False'
[0.676s] Level 5:colcon.colcon_core.verb:set package 'go2_lidar_planner' build argument 'cmake_clean_cache' from command line to 'False'
[0.676s] Level 5:colcon.colcon_core.verb:set package 'go2_lidar_planner' build argument 'cmake_clean_first' from command line to 'False'
[0.676s] Level 5:colcon.colcon_core.verb:set package 'go2_lidar_planner' build argument 'cmake_force_configure' from command line to 'False'
[0.676s] Level 5:colcon.colcon_core.verb:set package 'go2_lidar_planner' build argument 'ament_cmake_args' from command line to 'None'
[0.676s] Level 5:colcon.colcon_core.verb:set package 'go2_lidar_planner' build argument 'catkin_cmake_args' from command line to 'None'
[0.676s] Level 5:colcon.colcon_core.verb:set package 'go2_lidar_planner' build argument 'catkin_skip_building_tests' from command line to 'False'
[0.676s] DEBUG:colcon.colcon_core.verb:Building package 'go2_lidar_planner' with the following arguments: {'ament_cmake_args': None, 'build_base': '/root/CWNU_Unitree_Go2/go2_lidar_planner/build/go2_lidar_planner', 'catkin_cmake_args': None, 'catkin_skip_building_tests': False, 'cmake_args': None, 'cmake_clean_cache': False, 'cmake_clean_first': False, 'cmake_force_configure': False, 'cmake_target': None, 'cmake_target_skip_unavailable': False, 'install_base': '/root/CWNU_Unitree_Go2/go2_lidar_planner/install/go2_lidar_planner', 'merge_install': False, 'path': '/root/CWNU_Unitree_Go2/go2_lidar_planner/src', 'symlink_install': True, 'test_result_base': None}
[0.677s] INFO:colcon.colcon_core.executor:Executing jobs using 'parallel' executor
[0.679s] DEBUG:colcon.colcon_parallel_executor.executor.parallel:run_until_complete
[0.680s] INFO:colcon.colcon_ros.task.ament_python.build:Building ROS package in '/root/CWNU_Unitree_Go2/go2_lidar_planner/src' with build type 'ament_python'
[0.680s] Level 1:colcon.colcon_core.shell:create_environment_hook('go2_lidar_planner', 'ament_prefix_path')
[0.685s] INFO:colcon.colcon_core.plugin_system:Skipping extension 'colcon_core.shell.bat': Not used on non-Windows systems
[0.685s] INFO:colcon.colcon_core.shell:Creating environment hook '/root/CWNU_Unitree_Go2/go2_lidar_planner/install/go2_lidar_planner/share/go2_lidar_planner/hook/ament_prefix_path.ps1'
[0.687s] INFO:colcon.colcon_core.shell:Creating environment descriptor '/root/CWNU_Unitree_Go2/go2_lidar_planner/install/go2_lidar_planner/share/go2_lidar_planner/hook/ament_prefix_path.dsv'
[0.688s] INFO:colcon.colcon_core.shell:Creating environment hook '/root/CWNU_Unitree_Go2/go2_lidar_planner/install/go2_lidar_planner/share/go2_lidar_planner/hook/ament_prefix_path.sh'
[0.690s] INFO:colcon.colcon_core.shell:Skip shell extension 'powershell' for command environment: Not usable outside of PowerShell
[0.690s] DEBUG:colcon.colcon_core.shell:Skip shell extension 'dsv' for command environment
[1.109s] INFO:colcon.colcon_core.task.python.build:Building Python package in '/root/CWNU_Unitree_Go2/go2_lidar_planner/src'
[1.110s] INFO:colcon.colcon_core.shell:Skip shell extension 'powershell' for command environment: Not usable outside of PowerShell
[1.110s] DEBUG:colcon.colcon_core.shell:Skip shell extension 'dsv' for command environment
[1.775s] DEBUG:colcon.colcon_core.event_handler.log_command:Invoking command in '/root/CWNU_Unitree_Go2/go2_lidar_planner/build/go2_lidar_planner': PYTHONPATH=/root/CWNU_Unitree_Go2/go2_lidar_planner/build/go2_lidar_planner/prefix_override:/usr/local/lib/python3.8/dist-packages/colcon_core/task/python/colcon_distutils_commands:/root/CWNU_Unitree_Go2/go2_lidar_planner/install/go2_lidar_planner/lib/python3.8/site-packages:${PYTHONPATH} /usr/bin/python3 -W ignore:setup.py install is deprecated -W ignore:easy_install command is deprecated setup.py develop --editable --build-directory /root/CWNU_Unitree_Go2/go2_lidar_planner/build/go2_lidar_planner/build --no-deps symlink_data
[2.476s] Level 1:colcon.colcon_core.shell:create_environment_hook('go2_lidar_planner', 'pythonpath_develop')
[2.477s] INFO:colcon.colcon_core.shell:Creating environment hook '/root/CWNU_Unitree_Go2/go2_lidar_planner/build/go2_lidar_planner/share/go2_lidar_planner/hook/pythonpath_develop.ps1'
[2.478s] DEBUG:colcon.colcon_core.event_handler.log_command:Invoked command in '/root/CWNU_Unitree_Go2/go2_lidar_planner/build/go2_lidar_planner' returned '0': PYTHONPATH=/root/CWNU_Unitree_Go2/go2_lidar_planner/build/go2_lidar_planner/prefix_override:/usr/local/lib/python3.8/dist-packages/colcon_core/task/python/colcon_distutils_commands:/root/CWNU_Unitree_Go2/go2_lidar_planner/install/go2_lidar_planner/lib/python3.8/site-packages:${PYTHONPATH} /usr/bin/python3 -W ignore:setup.py install is deprecated -W ignore:easy_install command is deprecated setup.py develop --editable --build-directory /root/CWNU_Unitree_Go2/go2_lidar_planner/build/go2_lidar_planner/build --no-deps symlink_data
[2.480s] INFO:colcon.colcon_core.shell:Creating environment descriptor '/root/CWNU_Unitree_Go2/go2_lidar_planner/build/go2_lidar_planner/share/go2_lidar_planner/hook/pythonpath_develop.dsv'
[2.480s] INFO:colcon.colcon_core.shell:Creating environment hook '/root/CWNU_Unitree_Go2/go2_lidar_planner/build/go2_lidar_planner/share/go2_lidar_planner/hook/pythonpath_develop.sh'
[2.487s] Level 1:colcon.colcon_core.environment:checking '/root/CWNU_Unitree_Go2/go2_lidar_planner/install/go2_lidar_planner' for CMake module files
[2.489s] Level 1:colcon.colcon_core.environment:checking '/root/CWNU_Unitree_Go2/go2_lidar_planner/install/go2_lidar_planner' for CMake config files
[2.492s] Level 1:colcon.colcon_core.environment:checking '/root/CWNU_Unitree_Go2/go2_lidar_planner/install/go2_lidar_planner/lib'
[2.493s] Level 1:colcon.colcon_core.environment:checking '/root/CWNU_Unitree_Go2/go2_lidar_planner/install/go2_lidar_planner/bin'
[2.493s] Level 1:colcon.colcon_core.environment:checking '/root/CWNU_Unitree_Go2/go2_lidar_planner/install/go2_lidar_planner/lib/pkgconfig/go2_lidar_planner.pc'
[2.494s] Level 1:colcon.colcon_core.environment:checking '/root/CWNU_Unitree_Go2/go2_lidar_planner/install/go2_lidar_planner/lib/python3.8/site-packages'
[2.494s] Level 1:colcon.colcon_core.shell:create_environment_hook('go2_lidar_planner', 'pythonpath')
[2.495s] INFO:colcon.colcon_core.shell:Creating environment hook '/root/CWNU_Unitree_Go2/go2_lidar_planner/install/go2_lidar_planner/share/go2_lidar_planner/hook/pythonpath.ps1'
[2.497s] INFO:colcon.colcon_core.shell:Creating environment descriptor '/root/CWNU_Unitree_Go2/go2_lidar_planner/install/go2_lidar_planner/share/go2_lidar_planner/hook/pythonpath.dsv'
[2.498s] INFO:colcon.colcon_core.shell:Creating environment hook '/root/CWNU_Unitree_Go2/go2_lidar_planner/install/go2_lidar_planner/share/go2_lidar_planner/hook/pythonpath.sh'
[2.500s] Level 1:colcon.colcon_core.environment:checking '/root/CWNU_Unitree_Go2/go2_lidar_planner/install/go2_lidar_planner/bin'
[2.500s] Level 1:colcon.colcon_core.environment:create_environment_scripts_only(go2_lidar_planner)
[2.501s] INFO:colcon.colcon_core.shell:Creating package script '/root/CWNU_Unitree_Go2/go2_lidar_planner/install/go2_lidar_planner/share/go2_lidar_planner/package.ps1'
[2.504s] INFO:colcon.colcon_core.shell:Creating package descriptor '/root/CWNU_Unitree_Go2/go2_lidar_planner/install/go2_lidar_planner/share/go2_lidar_planner/package.dsv'
[2.506s] INFO:colcon.colcon_core.shell:Creating package script '/root/CWNU_Unitree_Go2/go2_lidar_planner/install/go2_lidar_planner/share/go2_lidar_planner/package.sh'
[2.508s] INFO:colcon.colcon_core.shell:Creating package script '/root/CWNU_Unitree_Go2/go2_lidar_planner/install/go2_lidar_planner/share/go2_lidar_planner/package.bash'
[2.509s] INFO:colcon.colcon_core.shell:Creating package script '/root/CWNU_Unitree_Go2/go2_lidar_planner/install/go2_lidar_planner/share/go2_lidar_planner/package.zsh'
[2.511s] Level 1:colcon.colcon_core.environment:create_file_with_runtime_dependencies(/root/CWNU_Unitree_Go2/go2_lidar_planner/install/go2_lidar_planner/share/colcon-core/packages/go2_lidar_planner)
[2.512s] DEBUG:colcon.colcon_parallel_executor.executor.parallel:closing loop
[2.513s] DEBUG:colcon.colcon_parallel_executor.executor.parallel:loop closed
[2.513s] DEBUG:colcon.colcon_parallel_executor.executor.parallel:run_until_complete finished with '0'
[2.513s] DEBUG:colcon.colcon_core.event_reactor:joining thread
[2.530s] INFO:colcon.colcon_core.plugin_system:Skipping extension 'colcon_notification.desktop_notification.notify_send': Could not find 'notify-send'
[2.530s] INFO:colcon.colcon_core.plugin_system:Skipping extension 'colcon_notification.desktop_notification.terminal_notifier': Not used on non-Darwin systems
[2.530s] INFO:colcon.colcon_core.plugin_system:Skipping extension 'colcon_notification.desktop_notification.win32': Not used on non-Windows systems
[2.530s] INFO:colcon.colcon_notification.desktop_notification:Sending desktop notification using 'notify2'
[2.531s] DEBUG:colcon.colcon_notification.desktop_notification.notify2:Failed to initialize notify2: org.freedesktop.DBus.Error.NotSupported: Unable to autolaunch a dbus-daemon without a $DISPLAY for X11
[2.531s] DEBUG:colcon.colcon_core.event_reactor:joined thread
[2.532s] INFO:colcon.colcon_core.shell:Creating prefix script '/root/CWNU_Unitree_Go2/go2_lidar_planner/install/local_setup.ps1'
[2.534s] INFO:colcon.colcon_core.shell:Creating prefix util module '/root/CWNU_Unitree_Go2/go2_lidar_planner/install/_local_setup_util_ps1.py'
[2.537s] INFO:colcon.colcon_core.shell:Creating prefix chain script '/root/CWNU_Unitree_Go2/go2_lidar_planner/install/setup.ps1'
[2.540s] INFO:colcon.colcon_core.shell:Creating prefix script '/root/CWNU_Unitree_Go2/go2_lidar_planner/install/local_setup.sh'
[2.541s] INFO:colcon.colcon_core.shell:Creating prefix util module '/root/CWNU_Unitree_Go2/go2_lidar_planner/install/_local_setup_util_sh.py'
[2.542s] INFO:colcon.colcon_core.shell:Creating prefix chain script '/root/CWNU_Unitree_Go2/go2_lidar_planner/install/setup.sh'
[2.545s] INFO:colcon.colcon_core.shell:Creating prefix script '/root/CWNU_Unitree_Go2/go2_lidar_planner/install/local_setup.bash'
[2.546s] INFO:colcon.colcon_core.shell:Creating prefix chain script '/root/CWNU_Unitree_Go2/go2_lidar_planner/install/setup.bash'
[2.549s] INFO:colcon.colcon_core.shell:Creating prefix script '/root/CWNU_Unitree_Go2/go2_lidar_planner/install/local_setup.zsh'
[2.550s] INFO:colcon.colcon_core.shell:Creating prefix chain script '/root/CWNU_Unitree_Go2/go2_lidar_planner/install/setup.zsh'
