[1.169s] Invoking command in '/root/CWNU_Unitree_Go2/go2_lidar_planner/src': PYTHONPATH=/root/CWNU_Unitree_Go2/go2_lidar_planner/build/go2_lidar_planner/prefix_override:/usr/local/lib/python3.8/dist-packages/colcon_core/task/python/colcon_distutils_commands:/root/CWNU_Unitree_Go2/go2_lidar_planner/install/go2_lidar_planner/lib/python3.8/site-packages:${PYTHONPATH} /usr/bin/python3 -W ignore:setup.py install is deprecated -W ignore:easy_install command is deprecated setup.py egg_info --egg-base ../build/go2_lidar_planner build --build-base /root/CWNU_Unitree_Go2/go2_lidar_planner/build/go2_lidar_planner/build install --record /root/CWNU_Unitree_Go2/go2_lidar_planner/build/go2_lidar_planner/install.log --single-version-externally-managed install_data
[1.527s] running egg_info
[1.528s] writing ../build/go2_lidar_planner/go2_lidar_planner.egg-info/PKG-INFO
[1.529s] writing dependency_links to ../build/go2_lidar_planner/go2_lidar_planner.egg-info/dependency_links.txt
[1.529s] writing entry points to ../build/go2_lidar_planner/go2_lidar_planner.egg-info/entry_points.txt
[1.530s] writing requirements to ../build/go2_lidar_planner/go2_lidar_planner.egg-info/requires.txt
[1.530s] writing top-level names to ../build/go2_lidar_planner/go2_lidar_planner.egg-info/top_level.txt
[1.596s] reading manifest file '../build/go2_lidar_planner/go2_lidar_planner.egg-info/SOURCES.txt'
[1.597s] writing manifest file '../build/go2_lidar_planner/go2_lidar_planner.egg-info/SOURCES.txt'
[1.598s] running build
[1.598s] running build_py
[1.599s] running install
[1.600s] running install_lib
[1.602s] creating /root/CWNU_Unitree_Go2/go2_lidar_planner/install/go2_lidar_planner/lib/python3.8/site-packages/go2_lidar_planner
[1.603s] copying /root/CWNU_Unitree_Go2/go2_lidar_planner/build/go2_lidar_planner/build/lib/go2_lidar_planner/go2_path_follower_node.py -> /root/CWNU_Unitree_Go2/go2_lidar_planner/install/go2_lidar_planner/lib/python3.8/site-packages/go2_lidar_planner
[1.603s] copying /root/CWNU_Unitree_Go2/go2_lidar_planner/build/go2_lidar_planner/build/lib/go2_lidar_planner/lidar_transformer_node.py -> /root/CWNU_Unitree_Go2/go2_lidar_planner/install/go2_lidar_planner/lib/python3.8/site-packages/go2_lidar_planner
[1.604s] copying /root/CWNU_Unitree_Go2/go2_lidar_planner/build/go2_lidar_planner/build/lib/go2_lidar_planner/__init__.py -> /root/CWNU_Unitree_Go2/go2_lidar_planner/install/go2_lidar_planner/lib/python3.8/site-packages/go2_lidar_planner
[1.604s] copying /root/CWNU_Unitree_Go2/go2_lidar_planner/build/go2_lidar_planner/build/lib/go2_lidar_planner/potential_astar_planner_node.py -> /root/CWNU_Unitree_Go2/go2_lidar_planner/install/go2_lidar_planner/lib/python3.8/site-packages/go2_lidar_planner
[1.604s] copying /root/CWNU_Unitree_Go2/go2_lidar_planner/build/go2_lidar_planner/build/lib/go2_lidar_planner/lidar_accumulator_node.py -> /root/CWNU_Unitree_Go2/go2_lidar_planner/install/go2_lidar_planner/lib/python3.8/site-packages/go2_lidar_planner
[1.606s] byte-compiling /root/CWNU_Unitree_Go2/go2_lidar_planner/install/go2_lidar_planner/lib/python3.8/site-packages/go2_lidar_planner/go2_path_follower_node.py to go2_path_follower_node.cpython-38.pyc
[1.616s] byte-compiling /root/CWNU_Unitree_Go2/go2_lidar_planner/install/go2_lidar_planner/lib/python3.8/site-packages/go2_lidar_planner/lidar_transformer_node.py to lidar_transformer_node.cpython-38.pyc
[1.617s] byte-compiling /root/CWNU_Unitree_Go2/go2_lidar_planner/install/go2_lidar_planner/lib/python3.8/site-packages/go2_lidar_planner/__init__.py to __init__.cpython-38.pyc
[1.618s] byte-compiling /root/CWNU_Unitree_Go2/go2_lidar_planner/install/go2_lidar_planner/lib/python3.8/site-packages/go2_lidar_planner/potential_astar_planner_node.py to potential_astar_planner_node.cpython-38.pyc
[1.624s] byte-compiling /root/CWNU_Unitree_Go2/go2_lidar_planner/install/go2_lidar_planner/lib/python3.8/site-packages/go2_lidar_planner/lidar_accumulator_node.py to lidar_accumulator_node.cpython-38.pyc
[1.626s] running install_data
[1.627s] creating /root/CWNU_Unitree_Go2/go2_lidar_planner/install/go2_lidar_planner/share/ament_index
[1.627s] creating /root/CWNU_Unitree_Go2/go2_lidar_planner/install/go2_lidar_planner/share/ament_index/resource_index
[1.627s] creating /root/CWNU_Unitree_Go2/go2_lidar_planner/install/go2_lidar_planner/share/ament_index/resource_index/packages
[1.627s] copying resource/go2_lidar_planner -> /root/CWNU_Unitree_Go2/go2_lidar_planner/install/go2_lidar_planner/share/ament_index/resource_index/packages
[1.627s] copying package.xml -> /root/CWNU_Unitree_Go2/go2_lidar_planner/install/go2_lidar_planner/share/go2_lidar_planner
[1.628s] copying launch/go2_lidar_planner.launch.py -> /root/CWNU_Unitree_Go2/go2_lidar_planner/install/go2_lidar_planner/share/go2_lidar_planner/launch
[1.628s] running install_egg_info
[1.632s] Copying ../build/go2_lidar_planner/go2_lidar_planner.egg-info to /root/CWNU_Unitree_Go2/go2_lidar_planner/install/go2_lidar_planner/lib/python3.8/site-packages/go2_lidar_planner-0.1.0-py3.8.egg-info
[1.634s] running install_scripts
[1.670s] Installing go2_path_follower_node script to /root/CWNU_Unitree_Go2/go2_lidar_planner/install/go2_lidar_planner/lib/go2_lidar_planner
[1.671s] Installing lidar_accumulator_node script to /root/CWNU_Unitree_Go2/go2_lidar_planner/install/go2_lidar_planner/lib/go2_lidar_planner
[1.671s] Installing lidar_transformer_node script to /root/CWNU_Unitree_Go2/go2_lidar_planner/install/go2_lidar_planner/lib/go2_lidar_planner
[1.671s] Installing potential_astar_planner_node script to /root/CWNU_Unitree_Go2/go2_lidar_planner/install/go2_lidar_planner/lib/go2_lidar_planner
[1.672s] writing list of installed files to '/root/CWNU_Unitree_Go2/go2_lidar_planner/build/go2_lidar_planner/install.log'
[1.727s] Invoked command in '/root/CWNU_Unitree_Go2/go2_lidar_planner/src' returned '0': PYTHONPATH=/root/CWNU_Unitree_Go2/go2_lidar_planner/build/go2_lidar_planner/prefix_override:/usr/local/lib/python3.8/dist-packages/colcon_core/task/python/colcon_distutils_commands:/root/CWNU_Unitree_Go2/go2_lidar_planner/install/go2_lidar_planner/lib/python3.8/site-packages:${PYTHONPATH} /usr/bin/python3 -W ignore:setup.py install is deprecated -W ignore:easy_install command is deprecated setup.py egg_info --egg-base ../build/go2_lidar_planner build --build-base /root/CWNU_Unitree_Go2/go2_lidar_planner/build/go2_lidar_planner/build install --record /root/CWNU_Unitree_Go2/go2_lidar_planner/build/go2_lidar_planner/install.log --single-version-externally-managed install_data
