[1.201s] Invoking command in '/root/CWNU_Unitree_Go2/go2_lidar_planner/build/go2_lidar_planner': PYTHONPATH=/root/CWNU_Unitree_Go2/go2_lidar_planner/build/go2_lidar_planner/prefix_override:/usr/local/lib/python3.8/dist-packages/colcon_core/task/python/colcon_distutils_commands:/root/CWNU_Unitree_Go2/go2_lidar_planner/install/go2_lidar_planner/lib/python3.8/site-packages:${PYTHONPATH} /usr/bin/python3 -W ignore:setup.py install is deprecated -W ignore:easy_install command is deprecated setup.py develop --uninstall --editable --build-directory /root/CWNU_Unitree_Go2/go2_lidar_planner/build/go2_lidar_planner/build
[1.596s] running develop
[1.776s] Removing /root/CWNU_Unitree_Go2/go2_lidar_planner/install/go2_lidar_planner/lib/python3.8/site-packages/go2-lidar-planner.egg-link (link to .)
[1.827s] Invoked command in '/root/CWNU_Unitree_Go2/go2_lidar_planner/build/go2_lidar_planner' returned '0': PYTHONPATH=/root/CWNU_Unitree_Go2/go2_lidar_planner/build/go2_lidar_planner/prefix_override:/usr/local/lib/python3.8/dist-packages/colcon_core/task/python/colcon_distutils_commands:/root/CWNU_Unitree_Go2/go2_lidar_planner/install/go2_lidar_planner/lib/python3.8/site-packages:${PYTHONPATH} /usr/bin/python3 -W ignore:setup.py install is deprecated -W ignore:easy_install command is deprecated setup.py develop --uninstall --editable --build-directory /root/CWNU_Unitree_Go2/go2_lidar_planner/build/go2_lidar_planner/build
[1.834s] Invoking command in '/root/CWNU_Unitree_Go2/go2_lidar_planner/src': PYTHONPATH=/root/CWNU_Unitree_Go2/go2_lidar_planner/build/go2_lidar_planner/prefix_override:/usr/local/lib/python3.8/dist-packages/colcon_core/task/python/colcon_distutils_commands:/root/CWNU_Unitree_Go2/go2_lidar_planner/install/go2_lidar_planner/lib/python3.8/site-packages:${PYTHONPATH} /usr/bin/python3 -W ignore:setup.py install is deprecated -W ignore:easy_install command is deprecated setup.py egg_info --egg-base ../build/go2_lidar_planner build --build-base /root/CWNU_Unitree_Go2/go2_lidar_planner/build/go2_lidar_planner/build install --record /root/CWNU_Unitree_Go2/go2_lidar_planner/build/go2_lidar_planner/install.log --single-version-externally-managed install_data --force
[2.195s] running egg_info
[2.195s] writing ../build/go2_lidar_planner/go2_lidar_planner.egg-info/PKG-INFO
[2.196s] writing dependency_links to ../build/go2_lidar_planner/go2_lidar_planner.egg-info/dependency_links.txt
[2.197s] writing entry points to ../build/go2_lidar_planner/go2_lidar_planner.egg-info/entry_points.txt
[2.197s] writing requirements to ../build/go2_lidar_planner/go2_lidar_planner.egg-info/requires.txt
[2.197s] writing top-level names to ../build/go2_lidar_planner/go2_lidar_planner.egg-info/top_level.txt
[2.263s] reading manifest file '../build/go2_lidar_planner/go2_lidar_planner.egg-info/SOURCES.txt'
[2.265s] writing manifest file '../build/go2_lidar_planner/go2_lidar_planner.egg-info/SOURCES.txt'
[2.265s] running build
[2.266s] running build_py
[2.266s] copying go2_lidar_planner/go2_path_follower_node.py -> /root/CWNU_Unitree_Go2/go2_lidar_planner/build/go2_lidar_planner/build/lib/go2_lidar_planner
[2.266s] copying go2_lidar_planner/potential_astar_planner_node.py -> /root/CWNU_Unitree_Go2/go2_lidar_planner/build/go2_lidar_planner/build/lib/go2_lidar_planner
[2.267s] copying go2_lidar_planner/lidar_accumulator_node.py -> /root/CWNU_Unitree_Go2/go2_lidar_planner/build/go2_lidar_planner/build/lib/go2_lidar_planner
[2.267s] running install
[2.269s] running install_lib
[2.271s] creating /root/CWNU_Unitree_Go2/go2_lidar_planner/install/go2_lidar_planner/lib/python3.8/site-packages/go2_lidar_planner
[2.271s] copying /root/CWNU_Unitree_Go2/go2_lidar_planner/build/go2_lidar_planner/build/lib/go2_lidar_planner/go2_path_follower_node.py -> /root/CWNU_Unitree_Go2/go2_lidar_planner/install/go2_lidar_planner/lib/python3.8/site-packages/go2_lidar_planner
[2.271s] copying /root/CWNU_Unitree_Go2/go2_lidar_planner/build/go2_lidar_planner/build/lib/go2_lidar_planner/lidar_transformer_node.py -> /root/CWNU_Unitree_Go2/go2_lidar_planner/install/go2_lidar_planner/lib/python3.8/site-packages/go2_lidar_planner
[2.272s] copying /root/CWNU_Unitree_Go2/go2_lidar_planner/build/go2_lidar_planner/build/lib/go2_lidar_planner/__init__.py -> /root/CWNU_Unitree_Go2/go2_lidar_planner/install/go2_lidar_planner/lib/python3.8/site-packages/go2_lidar_planner
[2.272s] copying /root/CWNU_Unitree_Go2/go2_lidar_planner/build/go2_lidar_planner/build/lib/go2_lidar_planner/potential_astar_planner_node.py -> /root/CWNU_Unitree_Go2/go2_lidar_planner/install/go2_lidar_planner/lib/python3.8/site-packages/go2_lidar_planner
[2.273s] copying /root/CWNU_Unitree_Go2/go2_lidar_planner/build/go2_lidar_planner/build/lib/go2_lidar_planner/lidar_accumulator_node.py -> /root/CWNU_Unitree_Go2/go2_lidar_planner/install/go2_lidar_planner/lib/python3.8/site-packages/go2_lidar_planner
[2.274s] byte-compiling /root/CWNU_Unitree_Go2/go2_lidar_planner/install/go2_lidar_planner/lib/python3.8/site-packages/go2_lidar_planner/go2_path_follower_node.py to go2_path_follower_node.cpython-38.pyc
[2.284s] byte-compiling /root/CWNU_Unitree_Go2/go2_lidar_planner/install/go2_lidar_planner/lib/python3.8/site-packages/go2_lidar_planner/lidar_transformer_node.py to lidar_transformer_node.cpython-38.pyc
[2.286s] byte-compiling /root/CWNU_Unitree_Go2/go2_lidar_planner/install/go2_lidar_planner/lib/python3.8/site-packages/go2_lidar_planner/__init__.py to __init__.cpython-38.pyc
[2.286s] byte-compiling /root/CWNU_Unitree_Go2/go2_lidar_planner/install/go2_lidar_planner/lib/python3.8/site-packages/go2_lidar_planner/potential_astar_planner_node.py to potential_astar_planner_node.cpython-38.pyc
[2.293s] byte-compiling /root/CWNU_Unitree_Go2/go2_lidar_planner/install/go2_lidar_planner/lib/python3.8/site-packages/go2_lidar_planner/lidar_accumulator_node.py to lidar_accumulator_node.cpython-38.pyc
[2.295s] running install_data
[2.296s] copying resource/go2_lidar_planner -> /root/CWNU_Unitree_Go2/go2_lidar_planner/install/go2_lidar_planner/share/ament_index/resource_index/packages
[2.296s] copying package.xml -> /root/CWNU_Unitree_Go2/go2_lidar_planner/install/go2_lidar_planner/share/go2_lidar_planner
[2.296s] copying launch/go2_lidar_planner.launch.py -> /root/CWNU_Unitree_Go2/go2_lidar_planner/install/go2_lidar_planner/share/go2_lidar_planner/launch
[2.296s] running install_egg_info
[2.300s] Copying ../build/go2_lidar_planner/go2_lidar_planner.egg-info to /root/CWNU_Unitree_Go2/go2_lidar_planner/install/go2_lidar_planner/lib/python3.8/site-packages/go2_lidar_planner-0.1.0-py3.8.egg-info
[2.303s] running install_scripts
[2.339s] Installing go2_path_follower_node script to /root/CWNU_Unitree_Go2/go2_lidar_planner/install/go2_lidar_planner/lib/go2_lidar_planner
[2.339s] Installing lidar_accumulator_node script to /root/CWNU_Unitree_Go2/go2_lidar_planner/install/go2_lidar_planner/lib/go2_lidar_planner
[2.340s] Installing lidar_transformer_node script to /root/CWNU_Unitree_Go2/go2_lidar_planner/install/go2_lidar_planner/lib/go2_lidar_planner
[2.340s] Installing potential_astar_planner_node script to /root/CWNU_Unitree_Go2/go2_lidar_planner/install/go2_lidar_planner/lib/go2_lidar_planner
[2.340s] writing list of installed files to '/root/CWNU_Unitree_Go2/go2_lidar_planner/build/go2_lidar_planner/install.log'
[2.396s] Invoked command in '/root/CWNU_Unitree_Go2/go2_lidar_planner/src' returned '0': PYTHONPATH=/root/CWNU_Unitree_Go2/go2_lidar_planner/build/go2_lidar_planner/prefix_override:/usr/local/lib/python3.8/dist-packages/colcon_core/task/python/colcon_distutils_commands:/root/CWNU_Unitree_Go2/go2_lidar_planner/install/go2_lidar_planner/lib/python3.8/site-packages:${PYTHONPATH} /usr/bin/python3 -W ignore:setup.py install is deprecated -W ignore:easy_install command is deprecated setup.py egg_info --egg-base ../build/go2_lidar_planner build --build-base /root/CWNU_Unitree_Go2/go2_lidar_planner/build/go2_lidar_planner/build install --record /root/CWNU_Unitree_Go2/go2_lidar_planner/build/go2_lidar_planner/install.log --single-version-externally-managed install_data --force
