[1.092s] Invoking command in '/root/CWNU_Unitree_Go2/go2_lidar_planner/build/go2_lidar_planner': PYTHONPATH=/root/CWNU_Unitree_Go2/go2_lidar_planner/build/go2_lidar_planner/prefix_override:/usr/local/lib/python3.8/dist-packages/colcon_core/task/python/colcon_distutils_commands:/root/CWNU_Unitree_Go2/go2_lidar_planner/install/go2_lidar_planner/lib/python3.8/site-packages:${PYTHONPATH} /usr/bin/python3 -W ignore:setup.py install is deprecated -W ignore:easy_install command is deprecated setup.py develop --editable --build-directory /root/CWNU_Unitree_Go2/go2_lidar_planner/build/go2_lidar_planner/build --no-deps symlink_data
[1.484s] running develop
[1.657s] running egg_info
[1.657s] creating go2_lidar_planner.egg-info
[1.657s] writing go2_lidar_planner.egg-info/PKG-INFO
[1.657s] writing dependency_links to go2_lidar_planner.egg-info/dependency_links.txt
[1.658s] writing entry points to go2_lidar_planner.egg-info/entry_points.txt
[1.658s] writing requirements to go2_lidar_planner.egg-info/requires.txt
[1.658s] writing top-level names to go2_lidar_planner.egg-info/top_level.txt
[1.661s] writing manifest file 'go2_lidar_planner.egg-info/SOURCES.txt'
[1.717s] reading manifest file 'go2_lidar_planner.egg-info/SOURCES.txt'
[1.718s] writing manifest file 'go2_lidar_planner.egg-info/SOURCES.txt'
[1.721s] running build_ext
[1.722s] Creating /root/CWNU_Unitree_Go2/go2_lidar_planner/install/go2_lidar_planner/lib/python3.8/site-packages/site.py
[1.727s] Creating /root/CWNU_Unitree_Go2/go2_lidar_planner/install/go2_lidar_planner/lib/python3.8/site-packages/go2-lidar-planner.egg-link (link to .)
[1.728s] Installing go2_path_follower_node script to /root/CWNU_Unitree_Go2/go2_lidar_planner/install/go2_lidar_planner/lib/go2_lidar_planner
[1.729s] Installing lidar_accumulator_node script to /root/CWNU_Unitree_Go2/go2_lidar_planner/install/go2_lidar_planner/lib/go2_lidar_planner
[1.729s] Installing lidar_transformer_node script to /root/CWNU_Unitree_Go2/go2_lidar_planner/install/go2_lidar_planner/lib/go2_lidar_planner
[1.729s] Installing potential_astar_planner_node script to /root/CWNU_Unitree_Go2/go2_lidar_planner/install/go2_lidar_planner/lib/go2_lidar_planner
[1.730s] 
[1.730s] Installed /root/CWNU_Unitree_Go2/go2_lidar_planner/build/go2_lidar_planner
[1.731s] running symlink_data
[1.731s] creating /root/CWNU_Unitree_Go2/go2_lidar_planner/install/go2_lidar_planner/share/ament_index
[1.731s] creating /root/CWNU_Unitree_Go2/go2_lidar_planner/install/go2_lidar_planner/share/ament_index/resource_index
[1.731s] creating /root/CWNU_Unitree_Go2/go2_lidar_planner/install/go2_lidar_planner/share/ament_index/resource_index/packages
[1.732s] symbolically linking /root/CWNU_Unitree_Go2/go2_lidar_planner/build/go2_lidar_planner/resource/go2_lidar_planner -> /root/CWNU_Unitree_Go2/go2_lidar_planner/install/go2_lidar_planner/share/ament_index/resource_index/packages
[1.732s] symbolically linking /root/CWNU_Unitree_Go2/go2_lidar_planner/build/go2_lidar_planner/package.xml -> /root/CWNU_Unitree_Go2/go2_lidar_planner/install/go2_lidar_planner/share/go2_lidar_planner
[1.732s] creating /root/CWNU_Unitree_Go2/go2_lidar_planner/install/go2_lidar_planner/share/go2_lidar_planner/launch
[1.733s] symbolically linking /root/CWNU_Unitree_Go2/go2_lidar_planner/build/go2_lidar_planner/launch/go2_lidar_planner.launch.py -> /root/CWNU_Unitree_Go2/go2_lidar_planner/install/go2_lidar_planner/share/go2_lidar_planner/launch
[1.791s] Invoked command in '/root/CWNU_Unitree_Go2/go2_lidar_planner/build/go2_lidar_planner' returned '0': PYTHONPATH=/root/CWNU_Unitree_Go2/go2_lidar_planner/build/go2_lidar_planner/prefix_override:/usr/local/lib/python3.8/dist-packages/colcon_core/task/python/colcon_distutils_commands:/root/CWNU_Unitree_Go2/go2_lidar_planner/install/go2_lidar_planner/lib/python3.8/site-packages:${PYTHONPATH} /usr/bin/python3 -W ignore:setup.py install is deprecated -W ignore:easy_install command is deprecated setup.py develop --editable --build-directory /root/CWNU_Unitree_Go2/go2_lidar_planner/build/go2_lidar_planner/build --no-deps symlink_data
