[1.204s] Invoking command in '/root/CWNU_Unitree_Go2/go2_lidar_planner/build/go2_lidar_planner': PYTHONPATH=/root/CWNU_Unitree_Go2/go2_lidar_planner/build/go2_lidar_planner/prefix_override:/usr/local/lib/python3.8/dist-packages/colcon_core/task/python/colcon_distutils_commands:/root/CWNU_Unitree_Go2/go2_lidar_planner/install/go2_lidar_planner/lib/python3.8/site-packages:${PYTHONPATH} /usr/bin/python3 -W ignore:setup.py install is deprecated -W ignore:easy_install command is deprecated setup.py develop --editable --build-directory /root/CWNU_Unitree_Go2/go2_lidar_planner/build/go2_lidar_planner/build --no-deps symlink_data --force
[1.618s] running develop
[1.806s] running egg_info
[1.806s] writing go2_lidar_planner.egg-info/PKG-INFO
[1.807s] writing dependency_links to go2_lidar_planner.egg-info/dependency_links.txt
[1.807s] writing entry points to go2_lidar_planner.egg-info/entry_points.txt
[1.808s] writing requirements to go2_lidar_planner.egg-info/requires.txt
[1.808s] writing top-level names to go2_lidar_planner.egg-info/top_level.txt
[1.870s] reading manifest file 'go2_lidar_planner.egg-info/SOURCES.txt'
[1.872s] writing manifest file 'go2_lidar_planner.egg-info/SOURCES.txt'
[1.875s] running build_ext
[1.877s] Creating /root/CWNU_Unitree_Go2/go2_lidar_planner/install/go2_lidar_planner/lib/python3.8/site-packages/go2-lidar-planner.egg-link (link to .)
[1.878s] Installing go2_path_follower_node script to /root/CWNU_Unitree_Go2/go2_lidar_planner/install/go2_lidar_planner/lib/go2_lidar_planner
[1.879s] Installing lidar_accumulator_node script to /root/CWNU_Unitree_Go2/go2_lidar_planner/install/go2_lidar_planner/lib/go2_lidar_planner
[1.879s] Installing lidar_transformer_node script to /root/CWNU_Unitree_Go2/go2_lidar_planner/install/go2_lidar_planner/lib/go2_lidar_planner
[1.879s] Installing potential_astar_planner_node script to /root/CWNU_Unitree_Go2/go2_lidar_planner/install/go2_lidar_planner/lib/go2_lidar_planner
[1.880s] 
[1.880s] Installed /root/CWNU_Unitree_Go2/go2_lidar_planner/build/go2_lidar_planner
[1.880s] running symlink_data
[1.881s] symbolically linking /root/CWNU_Unitree_Go2/go2_lidar_planner/build/go2_lidar_planner/resource/go2_lidar_planner -> /root/CWNU_Unitree_Go2/go2_lidar_planner/install/go2_lidar_planner/share/ament_index/resource_index/packages
[1.881s] symbolically linking /root/CWNU_Unitree_Go2/go2_lidar_planner/build/go2_lidar_planner/package.xml -> /root/CWNU_Unitree_Go2/go2_lidar_planner/install/go2_lidar_planner/share/go2_lidar_planner
[1.881s] symbolically linking /root/CWNU_Unitree_Go2/go2_lidar_planner/build/go2_lidar_planner/launch/go2_lidar_planner.launch.py -> /root/CWNU_Unitree_Go2/go2_lidar_planner/install/go2_lidar_planner/share/go2_lidar_planner/launch
[1.944s] Invoked command in '/root/CWNU_Unitree_Go2/go2_lidar_planner/build/go2_lidar_planner' returned '0': PYTHONPATH=/root/CWNU_Unitree_Go2/go2_lidar_planner/build/go2_lidar_planner/prefix_override:/usr/local/lib/python3.8/dist-packages/colcon_core/task/python/colcon_distutils_commands:/root/CWNU_Unitree_Go2/go2_lidar_planner/install/go2_lidar_planner/lib/python3.8/site-packages:${PYTHONPATH} /usr/bin/python3 -W ignore:setup.py install is deprecated -W ignore:easy_install command is deprecated setup.py develop --editable --build-directory /root/CWNU_Unitree_Go2/go2_lidar_planner/build/go2_lidar_planner/build --no-deps symlink_data --force
