[1.165s] Invoking command in '/root/CWNU_Unitree_Go2/go2_lidar_planner/build/go2_lidar_planner': PYTHONPATH=/root/CWNU_Unitree_Go2/go2_lidar_planner/build/go2_lidar_planner/prefix_override:/usr/local/lib/python3.8/dist-packages/colcon_core/task/python/colcon_distutils_commands:/root/CWNU_Unitree_Go2/go2_lidar_planner/install/go2_lidar_planner/lib/python3.8/site-packages:${PYTHONPATH} /usr/bin/python3 -W ignore:setup.py install is deprecated -W ignore:easy_install command is deprecated setup.py develop --editable --build-directory /root/CWNU_Unitree_Go2/go2_lidar_planner/build/go2_lidar_planner/build --no-deps symlink_data
[1.567s] running develop
[1.750s] running egg_info
[1.750s] writing go2_lidar_planner.egg-info/PKG-INFO
[1.751s] writing dependency_links to go2_lidar_planner.egg-info/dependency_links.txt
[1.751s] writing entry points to go2_lidar_planner.egg-info/entry_points.txt
[1.751s] writing requirements to go2_lidar_planner.egg-info/requires.txt
[1.751s] writing top-level names to go2_lidar_planner.egg-info/top_level.txt
[1.813s] reading manifest file 'go2_lidar_planner.egg-info/SOURCES.txt'
[1.814s] writing manifest file 'go2_lidar_planner.egg-info/SOURCES.txt'
[1.817s] running build_ext
[1.818s] Creating /root/CWNU_Unitree_Go2/go2_lidar_planner/install/go2_lidar_planner/lib/python3.8/site-packages/go2-lidar-planner.egg-link (link to .)
[1.820s] Installing go2_path_follower_node script to /root/CWNU_Unitree_Go2/go2_lidar_planner/install/go2_lidar_planner/lib/go2_lidar_planner
[1.820s] Installing lidar_accumulator_node script to /root/CWNU_Unitree_Go2/go2_lidar_planner/install/go2_lidar_planner/lib/go2_lidar_planner
[1.821s] Installing lidar_transformer_node script to /root/CWNU_Unitree_Go2/go2_lidar_planner/install/go2_lidar_planner/lib/go2_lidar_planner
[1.821s] Installing potential_astar_planner_node script to /root/CWNU_Unitree_Go2/go2_lidar_planner/install/go2_lidar_planner/lib/go2_lidar_planner
[1.822s] 
[1.822s] Installed /root/CWNU_Unitree_Go2/go2_lidar_planner/build/go2_lidar_planner
[1.822s] running symlink_data
[1.886s] Invoked command in '/root/CWNU_Unitree_Go2/go2_lidar_planner/build/go2_lidar_planner' returned '0': PYTHONPATH=/root/CWNU_Unitree_Go2/go2_lidar_planner/build/go2_lidar_planner/prefix_override:/usr/local/lib/python3.8/dist-packages/colcon_core/task/python/colcon_distutils_commands:/root/CWNU_Unitree_Go2/go2_lidar_planner/install/go2_lidar_planner/lib/python3.8/site-packages:${PYTHONPATH} /usr/bin/python3 -W ignore:setup.py install is deprecated -W ignore:easy_install command is deprecated setup.py develop --editable --build-directory /root/CWNU_Unitree_Go2/go2_lidar_planner/build/go2_lidar_planner/build --no-deps symlink_data
